#
# There is insufficient memory for the Java Runtime Environment to continue.
# Native memory allocation (mmap) failed to map 268435456 bytes. Error detail: G1 virtual space
# Possible reasons:
#   The system is out of physical RAM or swap space
#   This process is running with CompressedOops enabled, and the Java Heap may be blocking the growth of the native heap
# Possible solutions:
#   Reduce memory load on the system
#   Increase physical memory or swap space
#   Check if swap backing store is full
#   Decrease Java heap size (-Xmx/-Xms)
#   Decrease number of Java threads
#   Decrease Java thread stack sizes (-Xss)
#   Set larger code cache with -XX:ReservedCodeCacheSize=
#   JVM is running with Zero Based Compressed Oops mode in which the Java heap is
#     placed in the first 32GB address space. The Java Heap base address is the
#     maximum limit for the native heap growth. Please use -XX:HeapBaseMinAddress
#     to set the Java Heap base and to place the Java Heap above 32GB virtual address.
# This output file may be truncated or incomplete.
#
#  Out of Memory Error (os_windows.cpp:3898), pid=6380, tid=6244
#
# JRE version:  (21.0.6) (build )
# Java VM: OpenJDK 64-Bit Server VM (21.0.6+-13355223-b631.42, mixed mode, sharing, tiered, compressed oops, compressed class ptrs, g1 gc, windows-amd64)
# No core dump will be written. Minidumps are not enabled by default on client versions of Windows
#

---------------  S U M M A R Y ------------

Command Line: git4idea.http.GitAskPassApp Username for 'https://github.com': 

Host: AMD Ryzen 5 2600 Six-Core Processor            , 12 cores, 15G,  Windows 10 , 64 bit Build 19041 (10.0.19041.5678)
Time: Sun May  4 18:57:38 2025 Malay Peninsula Standard Time elapsed time: 0.019245 seconds (0d 0h 0m 0s)

---------------  T H R E A D  ---------------

Current thread (0x0000027d8426c850):  JavaThread "Unknown thread" [_thread_in_vm, id=6244, stack(0x000000816cf00000,0x000000816d000000) (1024K)]

Stack: [0x000000816cf00000,0x000000816d000000]
Native frames: (J=compiled Java code, j=interpreted, Vv=VM code, C=native code)
V  [jvm.dll+0x6d05a9]
V  [jvm.dll+0x85ea73]
V  [jvm.dll+0x860fce]
V  [jvm.dll+0x8616b3]
V  [jvm.dll+0x27e6e6]
V  [jvm.dll+0x6ccf45]
V  [jvm.dll+0x6c09fa]
V  [jvm.dll+0x35535b]
V  [jvm.dll+0x35cfb6]
V  [jvm.dll+0x3aef46]
V  [jvm.dll+0x3af218]
V  [jvm.dll+0x327a2c]
V  [jvm.dll+0x32871b]
V  [jvm.dll+0x8264b9]
V  [jvm.dll+0x3bc118]
V  [jvm.dll+0x80f768]
V  [jvm.dll+0x4502ce]
V  [jvm.dll+0x451a31]
C  [jli.dll+0x52ab]
C  [ucrtbase.dll+0x21bb2]
C  [KERNEL32.DLL+0x17374]
C  [ntdll.dll+0x4cc91]


---------------  P R O C E S S  ---------------

Threads class SMR info:
_java_thread_list=0x00007ffea6351848, length=0, elements={
}

Java Threads: ( => current thread )
Total: 0

Other Threads:
  0x0000027d86571c90 WorkerThread "GC Thread#0"                     [id=1396, stack(0x000000816d000000,0x000000816d100000) (1024K)]
  0x0000027d86582c30 ConcurrentGCThread "G1 Main Marker"            [id=11768, stack(0x000000816d100000,0x000000816d200000) (1024K)]
  0x0000027d86583ed0 WorkerThread "G1 Conc#0"                       [id=13712, stack(0x000000816d200000,0x000000816d300000) (1024K)]

[error occurred during error reporting (printing all threads), id 0xc0000005, EXCEPTION_ACCESS_VIOLATION (0xc0000005) at pc=0x00007ffea5b4aa67]
VM state: not at safepoint (not fully initialized)

VM Mutex/Monitor currently owned by a thread:  ([mutex/lock_event])
[0x00007ffea63be4a0] Heap_lock - owner thread: 0x0000027d8426c850

Heap address: 0x0000000701a00000, size: 4070 MB, Compressed Oops mode: Zero based, Oop shift amount: 3

CDS archive(s) mapped at: [0x0000000000000000-0x0000000000000000-0x0000000000000000), size 0, SharedBaseAddress: 0x0000000800000000, ArchiveRelocationMode: 1.
Narrow klass base: 0x0000000000000000, Narrow klass shift: 0, Narrow klass range: 0x0

GC Precious Log:
 CardTable entry size: 512
 Card Set container configuration: InlinePtr #cards 4 size 8 Array Of Cards #cards 16 size 48 Howl #buckets 8 coarsen threshold 3686 Howl Bitmap #cards 512 size 80 coarsen threshold 460 Card regions per heap region 1 cards per card region 4096

Heap:
 garbage-first heap   total 0K, used 0K [0x0000000701a00000, 0x0000000800000000)
  region size 2048K, 0 young (0K), 0 survivors (0K)
 Metaspace       used 0K, committed 0K, reserved 0K
  class space    used 0K, committed 0K, reserved 0K

Heap Regions: E=young(eden), S=young(survivor), O=old, HS=humongous(starts), HC=humongous(continues), CS=collection set, F=free, TAMS=top-at-mark-start, PB=parsable bottom

Card table byte_map: [0x0000027d993c0000,0x0000027d99bc0000] _byte_map_base: 0x0000027d95bb3000

Marking Bits: (CMBitMap*) 0x0000027d86572390
 Bits: [0x0000027d99bc0000, 0x0000027d9db58000)

GC Heap History (0 events):
No events

Dll operation events (1 events):
Event: 0.011 Loaded shared library C:\Program Files\Android\Android Studio\jbr\bin\java.dll

Deoptimization events (0 events):
No events

Classes loaded (0 events):
No events

Classes unloaded (0 events):
No events

Classes redefined (0 events):
No events

Internal exceptions (0 events):
No events

ZGC Phase Switch (0 events):
No events

VM Operations (0 events):
No events

Memory protections (0 events):
No events

Nmethod flushes (0 events):
No events

Events (0 events):
No events


Dynamic libraries:
0x00007ff639a80000 - 0x00007ff639a8a000 	C:\Program Files\Android\Android Studio\jbr\bin\java.exe
0x00007fff0dc10000 - 0x00007fff0de08000 	C:\Windows\SYSTEM32\ntdll.dll
0x00007fff0ca20000 - 0x00007fff0cae2000 	C:\Windows\System32\KERNEL32.DLL
0x00007fff0b2a0000 - 0x00007fff0b596000 	C:\Windows\System32\KERNELBASE.dll
0x00007fff0b6f0000 - 0x00007fff0b7f0000 	C:\Windows\System32\ucrtbase.dll
0x00007ffefa460000 - 0x00007ffefa47b000 	C:\Program Files\Android\Android Studio\jbr\bin\VCRUNTIME140.dll
0x00007fff07870000 - 0x00007fff07888000 	C:\Program Files\Android\Android Studio\jbr\bin\jli.dll
0x00007fff0cca0000 - 0x00007fff0ce3d000 	C:\Windows\System32\USER32.dll
0x00007fff0bb80000 - 0x00007fff0bba2000 	C:\Windows\System32\win32u.dll
0x00007ffef77e0000 - 0x00007ffef7a7a000 	C:\Windows\WinSxS\amd64_microsoft.windows.common-controls_6595b64144ccf1df_6.0.19041.4355_none_60b8b9eb71f62e16\COMCTL32.dll
0x00007fff0d720000 - 0x00007fff0d74b000 	C:\Windows\System32\GDI32.dll
0x00007fff0d290000 - 0x00007fff0d32e000 	C:\Windows\System32\msvcrt.dll
0x00007fff0b5a0000 - 0x00007fff0b6ba000 	C:\Windows\System32\gdi32full.dll
0x00007fff0bae0000 - 0x00007fff0bb7d000 	C:\Windows\System32\msvcp_win.dll
0x00007fff0bc30000 - 0x00007fff0bc5f000 	C:\Windows\System32\IMM32.DLL
0x00007fff041d0000 - 0x00007fff041dc000 	C:\Program Files\Android\Android Studio\jbr\bin\vcruntime140_1.dll
0x00007fff04250000 - 0x00007fff042dd000 	C:\Program Files\Android\Android Studio\jbr\bin\msvcp140.dll
0x00007ffea5810000 - 0x00007ffea649b000 	C:\Program Files\Android\Android Studio\jbr\bin\server\jvm.dll
0x00007fff0c3d0000 - 0x00007fff0c47f000 	C:\Windows\System32\ADVAPI32.dll
0x00007fff0cb10000 - 0x00007fff0cbaf000 	C:\Windows\System32\sechost.dll
0x00007fff0c6f0000 - 0x00007fff0c813000 	C:\Windows\System32\RPCRT4.dll
0x00007fff0b6c0000 - 0x00007fff0b6e7000 	C:\Windows\System32\bcrypt.dll
0x00007fff0cf50000 - 0x00007fff0cfbb000 	C:\Windows\System32\WS2_32.dll
0x00007fff0a7e0000 - 0x00007fff0a82b000 	C:\Windows\SYSTEM32\POWRPROF.dll
0x00007ffefe6a0000 - 0x00007ffefe6c7000 	C:\Windows\SYSTEM32\WINMM.dll
0x00007fff03140000 - 0x00007fff0314a000 	C:\Windows\SYSTEM32\VERSION.dll
0x00007fff0a6a0000 - 0x00007fff0a6b2000 	C:\Windows\SYSTEM32\UMPDC.dll
0x00007fff09140000 - 0x00007fff09152000 	C:\Windows\SYSTEM32\kernel.appcore.dll
0x00007fff04090000 - 0x00007fff0409a000 	C:\Program Files\Android\Android Studio\jbr\bin\jimage.dll
0x00007fff047c0000 - 0x00007fff049a4000 	C:\Windows\SYSTEM32\DBGHELP.DLL
0x00007ffef69c0000 - 0x00007ffef69f4000 	C:\Windows\SYSTEM32\dbgcore.DLL
0x00007fff0ba50000 - 0x00007fff0bad2000 	C:\Windows\System32\bcryptPrimitives.dll
0x00007ffef7b50000 - 0x00007ffef7b70000 	C:\Program Files\Android\Android Studio\jbr\bin\java.dll

dbghelp: loaded successfully - version: 4.0.5 - missing functions: none
symbol engine: initialized successfully - sym options: 0x614 - pdb path: .;C:\Program Files\Android\Android Studio\jbr\bin;C:\Windows\SYSTEM32;C:\Windows\WinSxS\amd64_microsoft.windows.common-controls_6595b64144ccf1df_6.0.19041.4355_none_60b8b9eb71f62e16;C:\Program Files\Android\Android Studio\jbr\bin\server

VM Arguments:
java_command: git4idea.http.GitAskPassApp Username for 'https://github.com': 
java_class_path (initial): C:/Program Files/Android/Android Studio/plugins/vcs-git/lib/git4idea-rt.jar;C:/Program Files/Android/Android Studio/lib/externalProcess-rt.jar
Launcher Type: SUN_STANDARD

[Global flags]
     intx CICompilerCount                          = 4                                         {product} {ergonomic}
     uint ConcGCThreads                            = 3                                         {product} {ergonomic}
     uint G1ConcRefinementThreads                  = 10                                        {product} {ergonomic}
   size_t G1HeapRegionSize                         = 2097152                                   {product} {ergonomic}
    uintx GCDrainStackTargetSize                   = 64                                        {product} {ergonomic}
   size_t InitialHeapSize                          = 268435456                                 {product} {ergonomic}
   size_t MarkStackSize                            = 4194304                                   {product} {ergonomic}
   size_t MaxHeapSize                              = 4267704320                                {product} {ergonomic}
   size_t MinHeapDeltaBytes                        = 2097152                                   {product} {ergonomic}
   size_t MinHeapSize                              = 8388608                                   {product} {ergonomic}
    uintx NonNMethodCodeHeapSize                   = 5839372                                {pd product} {ergonomic}
    uintx NonProfiledCodeHeapSize                  = 122909434                              {pd product} {ergonomic}
     bool PerfDisableSharedMem                     = true                                      {product} {ergonomic}
    uintx ProfiledCodeHeapSize                     = 122909434                              {pd product} {ergonomic}
    uintx ReservedCodeCacheSize                    = 251658240                              {pd product} {ergonomic}
     bool SegmentedCodeCache                       = true                                      {product} {ergonomic}
   size_t SoftMaxHeapSize                          = 4267704320                             {manageable} {ergonomic}
     bool UseCompressedOops                        = true                           {product lp64_product} {ergonomic}
     bool UseG1GC                                  = true                                      {product} {ergonomic}
     bool UseLargePagesIndividualAllocation        = false                                  {pd product} {ergonomic}

Logging:
Log output configuration:
 #0: stdout all=warning uptime,level,tags foldmultilines=false
 #1: stderr all=off uptime,level,tags foldmultilines=false

Environment Variables:
PATH=C:\Program Files\Git\mingw64\libexec\git-core;C:\Program Files\Git\mingw64\libexec\git-core;C:\Program Files\Git\mingw64\bin;C:\Program Files\Git\usr\bin;C:\Users\Neil\bin;C:\Program Files (x86)\Microsoft\Edge\Application;C:\Windows\system32;C:\Windows;C:\Windows\System32\Wbem;C:\Windows\System32\WindowsPowerShell\v1.0;C:\Windows\System32\OpenSSH;C:\Users\Neil\AppData\Local\Microsoft\WindowsApps
USERNAME=Neil
DISPLAY=:0.0
LC_ALL=en_US.UTF-8
TERM=xterm-256color
TMPDIR=C:\Users\Neil\AppData\Local\Temp
OS=Windows_NT
PROCESSOR_IDENTIFIER=AMD64 Family 23 Model 8 Stepping 2, AuthenticAMD
TMP=C:\Users\Neil\AppData\Local\Temp
TEMP=C:\Users\Neil\AppData\Local\Temp




Periodic native trim disabled

JNI global refs:
JNI global refs: 0, weak refs: 0

JNI global refs memory usage: 0, weak refs: 0

Process memory usage:
Resident Set Size: 10728K (0% of 16663916K total physical memory with 1480396K free physical memory)

OOME stack traces (most recent first):
Classloader memory used:

---------------  S Y S T E M  ---------------

OS:
 Windows 10 , 64 bit Build 19041 (10.0.19041.5678)
OS uptime: 3 days 0:37 hours

CPU: total 12 (initial active 12) (12 cores per cpu, 2 threads per core) family 23 model 8 stepping 2 microcode 0x0, cx8, cmov, fxsr, ht, mmx, 3dnowpref, sse, sse2, sse3, ssse3, sse4a, sse4.1, sse4.2, popcnt, lzcnt, tsc, tscinvbit, avx, avx2, aes, clmul, bmi1, bmi2, adx, sha, fma, vzeroupper, clflush, clflushopt, rdtscp, f16c
Processor Information for the first 12 processors :
  Max Mhz: 3400, Current Mhz: 3400, Mhz Limit: 3400

Memory: 4k page, system-wide physical 16273M (1445M free)
TotalPageFile size 31456M (AvailPageFile size 218M)
current process WorkingSet (physical memory assigned to process): 10M, peak: 10M
current process commit charge ("private bytes"): 64M, peak: 320M

vm_info: OpenJDK 64-Bit Server VM (21.0.6+-13355223-b631.42) for windows-amd64 JRE (21.0.6+-13355223-b631.42), built on 2025-04-14T18:21:23Z by "builder" with MS VC++ 16.10 / 16.11 (VS2019)

END.
