#
# A fatal error has been detected by the Java Runtime Environment:
#
#  EXCEPTION_UNCAUGHT_CXX_EXCEPTION (0xe06d7363) at pc=0x00007fff0b2db699, pid=12384, tid=14056
#
# JRE version: OpenJDK Runtime Environment (21.0.6) (build 21.0.6+-13355223-b631.42)
# Java VM: OpenJDK 64-Bit Server VM (21.0.6+-13355223-b631.42, mixed mode, tiered, compressed oops, compressed class ptrs, g1 gc, windows-amd64)
# Problematic frame:
# C  [KERNELBASE.dll+0x3b699]
#
# No core dump will be written. Minidumps are not enabled by default on client versions of Windows
#
# If you would like to submit a bug report, please visit:
#   https://youtrack.jetbrains.com/issues/JBR
#

---------------  S U M M A R Y ------------

Command Line: git4idea.http.GitAskPassApp Username for 'https://github.com': 

Host: AMD Ryzen 5 2600 Six-Core Processor            , 12 cores, 15G,  Windows 10 , 64 bit Build 19041 (10.0.19041.5678)
Time: Sun May  4 18:56:29 2025 Malay Peninsula Standard Time elapsed time: 0.261643 seconds (0d 0h 0m 0s)

---------------  T H R E A D  ---------------

Current thread (0x0000026819dc15f0):  JavaThread "main"             [_thread_in_vm, id=14056, stack(0x000000e8b2000000,0x000000e8b2100000) (1024K)]

Stack: [0x000000e8b2000000,0x000000e8b2100000],  sp=0x000000e8b20fb780,  free space=1005k
Native frames: (J=compiled Java code, j=interpreted, Vv=VM code, C=native code)
C  [KERNELBASE.dll+0x3b699]
C  [VCRUNTIME140.dll+0x6480]
C  [jimage.dll+0x32a3]
C  [jimage.dll+0x2a11]
C  [jimage.dll+0x145b]
C  [jimage.dll+0x1e87]
C  [jimage.dll+0x1f1e]
C  [jimage.dll+0x265a]
V  [jvm.dll+0x21d9a5]
V  [jvm.dll+0x21c822]
V  [jvm.dll+0x7d603c]
V  [jvm.dll+0x7d70e2]
V  [jvm.dll+0x7d76a4]
V  [jvm.dll+0x7d7338]
V  [jvm.dll+0x26d44b]
V  [jvm.dll+0x3d6b1a]
C  0x00000268267ced5b

The last pc belongs to ldc_w (printed below).
Java frames: (J=compiled Java code, j=interpreted, Vv=VM code)
j  java.lang.invoke.DirectMethodHandle.shouldBeInitialized(Ljava/lang/invoke/MemberName;)Z+66 java.base@21.0.6
j  java.lang.invoke.DirectMethodHandle.preparedLambdaForm(Ljava/lang/invoke/MemberName;Z)Ljava/lang/invoke/LambdaForm;+131 java.base@21.0.6
j  java.lang.invoke.DirectMethodHandle.preparedLambdaForm(Ljava/lang/invoke/MemberName;)Ljava/lang/invoke/LambdaForm;+2 java.base@21.0.6
j  java.lang.invoke.DirectMethodHandle.make(BLjava/lang/Class;Ljava/lang/invoke/MemberName;Ljava/lang/Class;)Ljava/lang/invoke/DirectMethodHandle;+163 java.base@21.0.6
j  java.lang.invoke.MethodHandles$Lookup.getDirectMethodCommon(BLjava/lang/Class;Ljava/lang/invoke/MemberName;ZZLjava/lang/invoke/MethodHandles$Lookup;)Ljava/lang/invoke/MethodHandle;+220 java.base@21.0.6
j  java.lang.invoke.MethodHandles$Lookup.getDirectMethodNoSecurityManager(BLjava/lang/Class;Ljava/lang/invoke/MemberName;Ljava/lang/invoke/MethodHandles$Lookup;)Ljava/lang/invoke/MethodHandle;+14 java.base@21.0.6
j  java.lang.invoke.MethodHandles$Lookup.getDirectMethodForConstant(BLjava/lang/Class;Ljava/lang/invoke/MemberName;)Ljava/lang/invoke/MethodHandle;+31 java.base@21.0.6
j  java.lang.invoke.MethodHandles$Lookup.linkMethodHandleConstant(BLjava/lang/Class;Ljava/lang/String;Ljava/lang/Object;)Ljava/lang/invoke/MethodHandle;+153 java.base@21.0.6
j  java.lang.invoke.MethodHandleNatives.linkMethodHandleConstant(Ljava/lang/Class;ILjava/lang/Class;Ljava/lang/String;Ljava/lang/Object;)Ljava/lang/invoke/MethodHandle;+38 java.base@21.0.6
v  ~StubRoutines::call_stub 0x00000268267c100d
j  java.security.Security.<clinit>()V+9 java.base@21.0.6
v  ~StubRoutines::call_stub 0x00000268267c100d
j  sun.security.jca.ProviderList.<init>()V+45 java.base@21.0.6
j  sun.security.jca.ProviderList$2.run()Lsun/security/jca/ProviderList;+4 java.base@21.0.6
j  sun.security.jca.ProviderList$2.run()Ljava/lang/Object;+1 java.base@21.0.6
j  java.security.AccessController.executePrivileged(Ljava/security/PrivilegedAction;Ljava/security/AccessControlContext;Ljava/lang/Class;)Ljava/lang/Object;+29 java.base@21.0.6
j  java.security.AccessController.doPrivileged(Ljava/security/PrivilegedAction;)Ljava/lang/Object;+5 java.base@21.0.6
j  sun.security.jca.ProviderList.fromSecurityProperties()Lsun/security/jca/ProviderList;+7 java.base@21.0.6
j  sun.security.jca.Providers.<clinit>()V+16 java.base@21.0.6
v  ~StubRoutines::call_stub 0x00000268267c100d
j  sun.security.jca.GetInstance.getInstance(Ljava/lang/String;Ljava/lang/Class;Ljava/lang/String;)Lsun/security/jca/GetInstance$Instance;+0 java.base@21.0.6
j  javax.net.ssl.SSLContext.getInstance(Ljava/lang/String;)Ljavax/net/ssl/SSLContext;+12 java.base@21.0.6
j  externalApp.ExternalAppUtil.sendIdeRequest(Ljava/lang/String;ILjava/lang/String;Ljava/lang/String;)LexternalApp/ExternalAppUtil$Result;+34
j  git4idea.http.GitAskPassApp.main([Ljava/lang/String;)V+37
v  ~StubRoutines::call_stub 0x00000268267c100d

siginfo: EXCEPTION_UNCAUGHT_CXX_EXCEPTION (0xe06d7363), ExceptionInformation=0x0000000019930520 0x000000e8b20fb8e0 0x00007fff04095198 0x00007fff04090000 


Registers:
RAX=0x0000000000000062, RBX=0x00007fff04095198, RCX=0x000002682680f380, RDX=0x0000026800000000
RSP=0x000000e8b20fb780, RBP=0x000000e8b20fba10, RSI=0x000000e8b20fb8e0, RDI=0x0000000019930520
R8 =0x0000000000000000, R9 =0x000000000000000b, R10=0x00007ffea58ca6a6, R11=0x0000000000000000
R12=0x0000000000009026, R13=0x0000026819dc1cb0, R14=0x000002683680e4f0, R15=0x000002683680e4f0
RIP=0x00007fff0b2db699, EFLAGS=0x0000000000000202

XMM[0]=0x0000026819dc15f0 0x0000026836258210
XMM[1]=0x00000268367dc668 0x0000000000000000
XMM[2]=0x000000e8b20fbad8 0x000000e8b20fbae8
XMM[3]=0x00007ffe00000005 0x000002681f290778
XMM[4]=0x000002683668a5b0 0x0000000200000007
XMM[5]=0x0000dbfde821632d 0x00007ffea63f8c90
XMM[6]=0x0000000000000000 0x0000000000000000
XMM[7]=0x0000000000000000 0x0000000000000000
XMM[8]=0x0000000000000000 0x0000000000000000
XMM[9]=0x0000000000000000 0x0000000000000000
XMM[10]=0x0000000000000000 0x0000000000000000
XMM[11]=0x0000000000000000 0x0000000000000000
XMM[12]=0x0000000000000000 0x0000000000000000
XMM[13]=0x0000000000000000 0x0000000000000000
XMM[14]=0x0000000000000000 0x0000000000000000
XMM[15]=0x0000000000000000 0x0000000000000000
  MXCSR=0x00001fa0


Register to memory mapping:

RAX=0x0000000000000062 is an unknown value
RBX=0x00007fff04095198 jimage.dll
RCX=0x000002682680f380 is at code_begin+0 in 
[CodeBlob (0x000002682680f310)]
Framesize: 0
BufferBlob (0x000002682680f310) used for adapters
RDX=0x0000026800000000 is an unknown value
RSP=0x000000e8b20fb780 is pointing into the stack for thread: 0x0000026819dc15f0
RBP=0x000000e8b20fba10 is pointing into the stack for thread: 0x0000026819dc15f0
RSI=0x000000e8b20fb8e0 is pointing into the stack for thread: 0x0000026819dc15f0
RDI=0x0000000019930520 is an unknown value
R8 =0x0 is null
R9 =0x000000000000000b is an unknown value
R10=0x00007ffea58ca6a6 jvm.dll
R11=0x0 is null
R12=0x0000000000009026 is an unknown value
R13=0x0000026819dc1cb0 points into unknown readable memory: 0x7361622e6176616a | 6a 61 76 61 2e 62 61 73
R14=0x000002683680e4f0 points into unknown readable memory: 0x01060005000c0400 | 00 04 0c 00 05 00 06 01
R15=0x000002683680e4f0 points into unknown readable memory: 0x01060005000c0400 | 00 04 0c 00 05 00 06 01

Top of Stack: (sp=0x000000e8b20fb780)
0x000000e8b20fb780:   00000000000003ff 00007fff04095198
0x000000e8b20fb790:   000000e8b20fb8e0 0000000000000000
0x000000e8b20fb7a0:   00000001e06d7363 0000000000000000
0x000000e8b20fb7b0:   00007fff0b2db699 0000026800000004
0x000000e8b20fb7c0:   0000000019930520 000000e8b20fb8e0
0x000000e8b20fb7d0:   00007fff04095198 00007fff04090000
0x000000e8b20fb7e0:   0000026819dc1cb0 0000000000009026
0x000000e8b20fb7f0:   000000e8b20fb8e0 000000e8b20fba10
0x000000e8b20fb800:   000000e8b20fb880 00007fff0dc44a5f
0x000000e8b20fb810:   0000000019930520 0000000800000000
0x000000e8b20fb820:   0000026819dc15f0 00007fff0dc61910
0x000000e8b20fb830:   00007fff04097000 00007fff04090000
0x000000e8b20fb840:   0000a6f19a22f2b0 00007fff0b2f877b
0x000000e8b20fb850:   00007fff04095198 00007ffefa466480
0x000000e8b20fb860:   00002c7e5baac5ee 0000000000000000
0x000000e8b20fb870:   0000000000000008 00007fff0b6f39ce
0x000000e8b20fb880:   00007fff04090000 0000000019930520
0x000000e8b20fb890:   000000e8b20fb8e0 00007fff04095198
0x000000e8b20fb8a0:   00007fff04090000 00007fff0b75c8e0
0x000000e8b20fb8b0:   000002681c4e9f93 00007fff040932a3
0x000000e8b20fb8c0:   0000000000000000 000002681c4e9f93
0x000000e8b20fb8d0:   0000000000009026 000002681c4e9f93
0x000000e8b20fb8e0:   00007fff04094468 00007fff04094478
0x000000e8b20fb8f0:   0000000000000000 000000e8b20f0000
0x000000e8b20fb900:   0000000000009026 00007fff04092a11
0x000000e8b20fb910:   0000000000009026 0000000000000000
0x000000e8b20fb920:   0000000000000010 0000026800000000
0x000000e8b20fb930:   000002681c4e9f93 00007fff0409145b
0x000000e8b20fb940:   0000000200000000 0000000000000020
0x000000e8b20fb950:   0000000000000010 0000000000000004
0x000000e8b20fb960:   0000026819d90000 0000000000000000
0x000000e8b20fb970:   00000000cafefafa 00000000000037c6 

Instructions: (pc=0x00007fff0b2db699)
0x00007fff0b2db599:   d8 21 00 00 41 0f 44 c0 89 43 24 8b 41 18 89 43
0x00007fff0b2db5a9:   28 65 48 8b 04 25 60 00 00 00 48 8b 48 20 39 79
0x00007fff0b2db5b9:   08 7c 36 41 b9 40 00 00 00 48 89 7c 24 20 4c 8d
0x00007fff0b2db5c9:   44 24 30 48 83 c9 ff 41 8d 51 e5 48 ff 15 6d 7b
0x00007fff0b2db5d9:   1a 00 0f 1f 44 00 00 85 c0 0f 88 ed ec 08 00 81
0x00007fff0b2db5e9:   7c 24 54 33 00 03 00 72 0f 48 8b 9c 24 80 00 00
0x00007fff0b2db5f9:   00 48 83 c4 70 5f c3 cc 89 7b 2c eb ec cc cc cc
0x00007fff0b2db609:   cc cc cc cc cc cc cc 65 48 8b 04 25 30 00 00 00
0x00007fff0b2db619:   8b 40 68 c3 cc cc cc cc cc cc cc cc cc cc cc cc
0x00007fff0b2db629:   cc cc cc cc cc cc cc 48 81 ec d8 00 00 00 48 8b
0x00007fff0b2db639:   05 62 a8 27 00 48 33 c4 48 89 84 24 c0 00 00 00
0x00007fff0b2db649:   48 83 64 24 28 00 48 8d 05 da ff ff ff 83 e2 01
0x00007fff0b2db659:   89 4c 24 20 89 54 24 24 48 89 44 24 30 4d 85 c9
0x00007fff0b2db669:   74 4c b8 0f 00 00 00 48 8d 4c 24 40 44 3b c0 49
0x00007fff0b2db679:   8b d1 44 0f 47 c0 44 89 44 24 38 49 c1 e0 03 e8
0x00007fff0b2db689:   6a b5 07 00 48 8d 4c 24 20 48 ff 15 8f 7b 1a 00
0x00007fff0b2db699:   0f 1f 44 00 00 48 8b 8c 24 c0 00 00 00 48 33 cc
0x00007fff0b2db6a9:   e8 12 38 05 00 48 81 c4 d8 00 00 00 c3 cc 83 64
0x00007fff0b2db6b9:   24 38 00 eb cf cc cc cc cc cc cc cc cc cc cc cc
0x00007fff0b2db6c9:   cc cc cc cc cc cc cc 40 53 48 83 ec 30 48 8b d1
0x00007fff0b2db6d9:   48 8d 4c 24 20 e8 d5 cf ff ff 85 c0 74 26 48 8b
0x00007fff0b2db6e9:   4c 24 28 e8 3f 80 ff ff 48 8d 4c 24 20 8b d8 48
0x00007fff0b2db6f9:   ff 15 51 73 1a 00 0f 1f 44 00 00 8b c3 48 83 c4
0x00007fff0b2db709:   30 5b c3 cc 83 c8 ff eb f4 cc cc cc cc cc cc cc
0x00007fff0b2db719:   cc cc cc cc cc cc cc 48 8b c4 48 89 58 10 48 89
0x00007fff0b2db729:   70 18 57 48 83 ec 60 0f 57 c0 0f 11 40 b8 48 8d
0x00007fff0b2db739:   35 92 d5 1a 00 33 db 48 85 c9 48 0f 45 f1 48 8b
0x00007fff0b2db749:   d6 48 8d 48 c8 48 ff 15 b3 79 1a 00 0f 1f 44 00
0x00007fff0b2db759:   00 8b f8 89 44 24 70 85 c0 78 1f 41 b0 01 48 8d
0x00007fff0b2db769:   54 24 30 48 8d 4c 24 20 48 ff 15 00 73 1a 00 0f
0x00007fff0b2db779:   1f 44 00 00 8b f8 89 44 24 70 85 ff 0f 88 57 eb
0x00007fff0b2db789:   08 00 48 83 c8 ff 48 8b c8 48 ff c1 66 39 1c 4e 


Stack slot to memory mapping:

stack at sp + 0 slots: 0x00000000000003ff is an unknown value
stack at sp + 1 slots: 0x00007fff04095198 jimage.dll
stack at sp + 2 slots: 0x000000e8b20fb8e0 is pointing into the stack for thread: 0x0000026819dc15f0
stack at sp + 3 slots: 0x0 is null
stack at sp + 4 slots: 0x00000001e06d7363 is an unknown value
stack at sp + 5 slots: 0x0 is null
stack at sp + 6 slots: 0x00007fff0b2db699 KERNELBASE.dll
stack at sp + 7 slots: 0x0000026800000004 is an unknown value

ldc_w  19 ldc_w  [0x00000268267ceca0, 0x00000268267cef50]  688 bytes
[MachCode]
  0x00000268267ceca0: 4883 ec08 | c5fa 1104 | 24eb 1f48 | 83ec 10c5 | fb11 0424 | eb14 4883 | ec10 4889 | 0424 48c7 
  0x00000268267cecc0: 4424 0800 | 0000 00eb | 0150 410f | b75d 010f | cbc1 eb10 | 488b 4de8 | 488b 4908 | 488b 4908 
  0x00000268267cece0: 488b 4108 | 0fb6 5418 | 0483 fa64 | 740e 83fa | 6774 0983 | fa07 0f85 | bd00 0000 | ba01 0000 
  0x00000268267ced00: 00e8 0500 | 0000 e9a8 | 0000 0048 | 8d44 2408 | 4c89 6dc0 | 498b cfc5 | f877 4989 | afa8 0300 
  0x00000268267ced20: 0049 8987 | 9803 0000 | 4883 ec20 | 40f6 c40f | 0f84 1900 | 0000 4883 | ec08 48b8 | 006a bea5 
  0x00000268267ced40: fe7f 0000 | ffd0 4883 | c408 e90c | 0000 0048 | b800 6abe | a5fe 7f00 | 00ff d048 | 83c4 2049 
  0x00000268267ced60: c787 9803 | 0000 0000 | 0000 49c7 | 87a8 0300 | 0000 0000 | 0049 c787 | a003 0000 | 0000 0000 
  0x00000268267ced80: c5f8 7749 | 837f 0800 | 0f84 0500 | 0000 e96d | 21ff ff49 | 8b87 f003 | 0000 49c7 | 87f0 0300 
  0x00000268267ceda0: 0000 0000 | 004c 8b6d | c04c 8b75 | c84e 8d74 | f500 c350 | e97c 0100 | 0083 fa04 | 7514 c5fa 
  0x00000268267cedc0: 1044 d948 | 4883 ec08 | c5fa 1104 | 24e9 6301 | 0000 83fa | 0375 0a8b | 44d9 4850 | e954 0100 
  0x00000268267cede0: 00ba 1300 | 0000 e805 | 0000 00e9 | a800 0000 | 488d 4424 | 084c 896d | c049 8bcf | c5f8 7749 
  0x00000268267cee00: 89af a803 | 0000 4989 | 8798 0300 | 0048 83ec | 2040 f6c4 | 0f0f 8419 | 0000 0048 | 83ec 0848 
  0x00000268267cee20: b880 8fbe | a5fe 7f00 | 00ff d048 | 83c4 08e9 | 0c00 0000 | 48b8 808f | bea5 fe7f | 0000 ffd0 
  0x00000268267cee40: 4883 c420 | 49c7 8798 | 0300 0000 | 0000 0049 | c787 a803 | 0000 0000 | 0000 49c7 | 87a0 0300 
  0x00000268267cee60: 0000 0000 | 00c5 f877 | 4983 7f08 | 000f 8405 | 0000 00e9 | 8820 ffff | 498b 87f0 | 0300 0049 
  0x00000268267cee80: c787 f003 | 0000 0000 | 0000 4c8b | 6dc0 4c8b | 75c8 4e8d | 74f5 00c3 | 498b 8ff8 | 0300 0049 
  0x00000268267ceea0: c787 f803 | 0000 0000 | 0000 8bd9 | 81e3 ffff | 0000 c1e9 | 1c83 e10f | 83f9 0475 | 098b 0418 
  0x00000268267ceec0: 50e9 6f00 | 0000 83f9 | 0675 13c5 | fa10 0418 | 4883 ec08 | c5fa 1104 | 24e9 5700 | 0000 83f9 
  0x00000268267ceee0: 0375 0a0f | bf04 1850 | e948 0000 | 0083 f900 | 750a 0fbe | 0418 50e9 | 3900 0000 | 83f9 0275 
  0x00000268267cef00: 0a0f b704 | 1850 e92a | 0000 0083 | f901 750a | 0fbe 0418 | 50e9 1b00 | 0000 48b9 | c8fd 1ea6 
  0x00000268267cef20: fe7f 0000 | 4883 e4f0 | 48b8 2079 | e3a5 fe7f | 0000 ffd0 | f441 0fb6 | 5d03 4983 | c503 49ba 
  0x00000268267cef40: 7029 3da6 | fe7f 0000 | 41ff 24da | 0f1f 4000 
[/MachCode]

---------------  P R O C E S S  ---------------

Threads class SMR info:
_java_thread_list=0x0000026836795eb0, length=11, elements={
0x0000026819dc15f0, 0x000002683659e7c0, 0x000002683659f020, 0x00000268365d73b0,
0x00000268365e0b30, 0x00000268365e1190, 0x00000268365e5800, 0x00000268365f4c20,
0x00000268365f72d0, 0x00000268363af490, 0x00000268363afaf0
}

Java Threads: ( => current thread )
=>0x0000026819dc15f0 JavaThread "main"                              [_thread_in_vm, id=14056, stack(0x000000e8b2000000,0x000000e8b2100000) (1024K)]
  0x000002683659e7c0 JavaThread "Reference Handler"          daemon [_thread_blocked, id=11560, stack(0x000000e8b2800000,0x000000e8b2900000) (1024K)]
  0x000002683659f020 JavaThread "Finalizer"                  daemon [_thread_blocked, id=16124, stack(0x000000e8b2900000,0x000000e8b2a00000) (1024K)]
  0x00000268365d73b0 JavaThread "Signal Dispatcher"          daemon [_thread_blocked, id=7100, stack(0x000000e8b2a00000,0x000000e8b2b00000) (1024K)]
  0x00000268365e0b30 JavaThread "Attach Listener"            daemon [_thread_blocked, id=15912, stack(0x000000e8b2b00000,0x000000e8b2c00000) (1024K)]
  0x00000268365e1190 JavaThread "Service Thread"             daemon [_thread_blocked, id=5072, stack(0x000000e8b2c00000,0x000000e8b2d00000) (1024K)]
  0x00000268365e5800 JavaThread "Monitor Deflation Thread"   daemon [_thread_blocked, id=15660, stack(0x000000e8b2d00000,0x000000e8b2e00000) (1024K)]
  0x00000268365f4c20 JavaThread "C2 CompilerThread0"         daemon [_thread_blocked, id=12332, stack(0x000000e8b2e00000,0x000000e8b2f00000) (1024K)]
  0x00000268365f72d0 JavaThread "C1 CompilerThread0"         daemon [_thread_blocked, id=11496, stack(0x000000e8b2f00000,0x000000e8b3000000) (1024K)]
  0x00000268363af490 JavaThread "Notification Thread"        daemon [_thread_blocked, id=7692, stack(0x000000e8b3000000,0x000000e8b3100000) (1024K)]
  0x00000268363afaf0 JavaThread "Common-Cleaner"             daemon [_thread_blocked, id=11904, stack(0x000000e8b3100000,0x000000e8b3200000) (1024K)]
Total: 11

Other Threads:
  0x0000026819d9bcc0 VMThread "VM Thread"                           [id=18028, stack(0x000000e8b2700000,0x000000e8b2800000) (1024K)]
  0x00000268363aed90 WatcherThread "VM Periodic Task Thread"        [id=17048, stack(0x000000e8b2600000,0x000000e8b2700000) (1024K)]
  0x0000026819d9b580 WorkerThread "GC Thread#0"                     [id=13528, stack(0x000000e8b2100000,0x000000e8b2200000) (1024K)]
  0x000002681c1a8400 ConcurrentGCThread "G1 Main Marker"            [id=6184, stack(0x000000e8b2200000,0x000000e8b2300000) (1024K)]
  0x0000026819d9b920 WorkerThread "G1 Conc#0"                       [id=18100, stack(0x000000e8b2300000,0x000000e8b2400000) (1024K)]
  0x0000026836270560 ConcurrentGCThread "G1 Refine#0"               [id=14988, stack(0x000000e8b2400000,0x000000e8b2500000) (1024K)]
  0x000002681c1fe280 ConcurrentGCThread "G1 Service"                [id=11604, stack(0x000000e8b2500000,0x000000e8b2600000) (1024K)]
Total: 7

Threads with active compile tasks:
Total: 0

VM state: not at safepoint (normal execution)

VM Mutex/Monitor currently owned by a thread: None

Heap address: 0x0000000701a00000, size: 4070 MB, Compressed Oops mode: Zero based, Oop shift amount: 3

CDS archive(s) not mapped
Compressed class space mapped at: 0x0000000800000000-0x0000000840000000, reserved size: 1073741824
Narrow klass base: 0x0000000800000000, Narrow klass shift: 0, Narrow klass range: 0x40000000

GC Precious Log:
 CardTable entry size: 512
 Card Set container configuration: InlinePtr #cards 4 size 8 Array Of Cards #cards 16 size 48 Howl #buckets 8 coarsen threshold 3686 Howl Bitmap #cards 512 size 80 coarsen threshold 460 Card regions per heap region 1 cards per card region 4096
 CPUs: 12 total, 12 available
 Memory: 16273M
 Large Page Support: Disabled
 NUMA Support: Disabled
 Compressed Oops: Enabled (Zero based)
 Heap Region Size: 2M
 Heap Min Capacity: 8M
 Heap Initial Capacity: 256M
 Heap Max Capacity: 4070M
 Pre-touch: Disabled
 Parallel Workers: 10
 Concurrent Workers: 3
 Concurrent Refinement Workers: 10
 Periodic GC: Disabled

Heap:
 garbage-first heap   total 262144K, used 2048K [0x0000000701a00000, 0x0000000800000000)
  region size 2048K, 2 young (4096K), 0 survivors (0K)
 Metaspace       used 5662K, committed 5760K, reserved 1114112K
  class space    used 500K, committed 512K, reserved 1048576K

Heap Regions: E=young(eden), S=young(survivor), O=old, HS=humongous(starts), HC=humongous(continues), CS=collection set, F=free, TAMS=top-at-mark-start, PB=parsable bottom
|   0|0x0000000701a00000, 0x0000000701a00000, 0x0000000701c00000|  0%| F|  |TAMS 0x0000000701a00000| PB 0x0000000701a00000| Untracked 
|   1|0x0000000701c00000, 0x0000000701c00000, 0x0000000701e00000|  0%| F|  |TAMS 0x0000000701c00000| PB 0x0000000701c00000| Untracked 
|   2|0x0000000701e00000, 0x0000000701e00000, 0x0000000702000000|  0%| F|  |TAMS 0x0000000701e00000| PB 0x0000000701e00000| Untracked 
|   3|0x0000000702000000, 0x0000000702000000, 0x0000000702200000|  0%| F|  |TAMS 0x0000000702000000| PB 0x0000000702000000| Untracked 
|   4|0x0000000702200000, 0x0000000702200000, 0x0000000702400000|  0%| F|  |TAMS 0x0000000702200000| PB 0x0000000702200000| Untracked 
|   5|0x0000000702400000, 0x0000000702400000, 0x0000000702600000|  0%| F|  |TAMS 0x0000000702400000| PB 0x0000000702400000| Untracked 
|   6|0x0000000702600000, 0x0000000702600000, 0x0000000702800000|  0%| F|  |TAMS 0x0000000702600000| PB 0x0000000702600000| Untracked 
|   7|0x0000000702800000, 0x0000000702800000, 0x0000000702a00000|  0%| F|  |TAMS 0x0000000702800000| PB 0x0000000702800000| Untracked 
|   8|0x0000000702a00000, 0x0000000702a00000, 0x0000000702c00000|  0%| F|  |TAMS 0x0000000702a00000| PB 0x0000000702a00000| Untracked 
|   9|0x0000000702c00000, 0x0000000702c00000, 0x0000000702e00000|  0%| F|  |TAMS 0x0000000702c00000| PB 0x0000000702c00000| Untracked 
|  10|0x0000000702e00000, 0x0000000702e00000, 0x0000000703000000|  0%| F|  |TAMS 0x0000000702e00000| PB 0x0000000702e00000| Untracked 
|  11|0x0000000703000000, 0x0000000703000000, 0x0000000703200000|  0%| F|  |TAMS 0x0000000703000000| PB 0x0000000703000000| Untracked 
|  12|0x0000000703200000, 0x0000000703200000, 0x0000000703400000|  0%| F|  |TAMS 0x0000000703200000| PB 0x0000000703200000| Untracked 
|  13|0x0000000703400000, 0x0000000703400000, 0x0000000703600000|  0%| F|  |TAMS 0x0000000703400000| PB 0x0000000703400000| Untracked 
|  14|0x0000000703600000, 0x0000000703600000, 0x0000000703800000|  0%| F|  |TAMS 0x0000000703600000| PB 0x0000000703600000| Untracked 
|  15|0x0000000703800000, 0x0000000703800000, 0x0000000703a00000|  0%| F|  |TAMS 0x0000000703800000| PB 0x0000000703800000| Untracked 
|  16|0x0000000703a00000, 0x0000000703a00000, 0x0000000703c00000|  0%| F|  |TAMS 0x0000000703a00000| PB 0x0000000703a00000| Untracked 
|  17|0x0000000703c00000, 0x0000000703c00000, 0x0000000703e00000|  0%| F|  |TAMS 0x0000000703c00000| PB 0x0000000703c00000| Untracked 
|  18|0x0000000703e00000, 0x0000000703e00000, 0x0000000704000000|  0%| F|  |TAMS 0x0000000703e00000| PB 0x0000000703e00000| Untracked 
|  19|0x0000000704000000, 0x0000000704000000, 0x0000000704200000|  0%| F|  |TAMS 0x0000000704000000| PB 0x0000000704000000| Untracked 
|  20|0x0000000704200000, 0x0000000704200000, 0x0000000704400000|  0%| F|  |TAMS 0x0000000704200000| PB 0x0000000704200000| Untracked 
|  21|0x0000000704400000, 0x0000000704400000, 0x0000000704600000|  0%| F|  |TAMS 0x0000000704400000| PB 0x0000000704400000| Untracked 
|  22|0x0000000704600000, 0x0000000704600000, 0x0000000704800000|  0%| F|  |TAMS 0x0000000704600000| PB 0x0000000704600000| Untracked 
|  23|0x0000000704800000, 0x0000000704800000, 0x0000000704a00000|  0%| F|  |TAMS 0x0000000704800000| PB 0x0000000704800000| Untracked 
|  24|0x0000000704a00000, 0x0000000704a00000, 0x0000000704c00000|  0%| F|  |TAMS 0x0000000704a00000| PB 0x0000000704a00000| Untracked 
|  25|0x0000000704c00000, 0x0000000704c00000, 0x0000000704e00000|  0%| F|  |TAMS 0x0000000704c00000| PB 0x0000000704c00000| Untracked 
|  26|0x0000000704e00000, 0x0000000704e00000, 0x0000000705000000|  0%| F|  |TAMS 0x0000000704e00000| PB 0x0000000704e00000| Untracked 
|  27|0x0000000705000000, 0x0000000705000000, 0x0000000705200000|  0%| F|  |TAMS 0x0000000705000000| PB 0x0000000705000000| Untracked 
|  28|0x0000000705200000, 0x0000000705200000, 0x0000000705400000|  0%| F|  |TAMS 0x0000000705200000| PB 0x0000000705200000| Untracked 
|  29|0x0000000705400000, 0x0000000705400000, 0x0000000705600000|  0%| F|  |TAMS 0x0000000705400000| PB 0x0000000705400000| Untracked 
|  30|0x0000000705600000, 0x0000000705600000, 0x0000000705800000|  0%| F|  |TAMS 0x0000000705600000| PB 0x0000000705600000| Untracked 
|  31|0x0000000705800000, 0x0000000705800000, 0x0000000705a00000|  0%| F|  |TAMS 0x0000000705800000| PB 0x0000000705800000| Untracked 
|  32|0x0000000705a00000, 0x0000000705a00000, 0x0000000705c00000|  0%| F|  |TAMS 0x0000000705a00000| PB 0x0000000705a00000| Untracked 
|  33|0x0000000705c00000, 0x0000000705c00000, 0x0000000705e00000|  0%| F|  |TAMS 0x0000000705c00000| PB 0x0000000705c00000| Untracked 
|  34|0x0000000705e00000, 0x0000000705e00000, 0x0000000706000000|  0%| F|  |TAMS 0x0000000705e00000| PB 0x0000000705e00000| Untracked 
|  35|0x0000000706000000, 0x0000000706000000, 0x0000000706200000|  0%| F|  |TAMS 0x0000000706000000| PB 0x0000000706000000| Untracked 
|  36|0x0000000706200000, 0x0000000706200000, 0x0000000706400000|  0%| F|  |TAMS 0x0000000706200000| PB 0x0000000706200000| Untracked 
|  37|0x0000000706400000, 0x0000000706400000, 0x0000000706600000|  0%| F|  |TAMS 0x0000000706400000| PB 0x0000000706400000| Untracked 
|  38|0x0000000706600000, 0x0000000706600000, 0x0000000706800000|  0%| F|  |TAMS 0x0000000706600000| PB 0x0000000706600000| Untracked 
|  39|0x0000000706800000, 0x0000000706800000, 0x0000000706a00000|  0%| F|  |TAMS 0x0000000706800000| PB 0x0000000706800000| Untracked 
|  40|0x0000000706a00000, 0x0000000706a00000, 0x0000000706c00000|  0%| F|  |TAMS 0x0000000706a00000| PB 0x0000000706a00000| Untracked 
|  41|0x0000000706c00000, 0x0000000706c00000, 0x0000000706e00000|  0%| F|  |TAMS 0x0000000706c00000| PB 0x0000000706c00000| Untracked 
|  42|0x0000000706e00000, 0x0000000706e00000, 0x0000000707000000|  0%| F|  |TAMS 0x0000000706e00000| PB 0x0000000706e00000| Untracked 
|  43|0x0000000707000000, 0x0000000707000000, 0x0000000707200000|  0%| F|  |TAMS 0x0000000707000000| PB 0x0000000707000000| Untracked 
|  44|0x0000000707200000, 0x0000000707200000, 0x0000000707400000|  0%| F|  |TAMS 0x0000000707200000| PB 0x0000000707200000| Untracked 
|  45|0x0000000707400000, 0x0000000707400000, 0x0000000707600000|  0%| F|  |TAMS 0x0000000707400000| PB 0x0000000707400000| Untracked 
|  46|0x0000000707600000, 0x0000000707600000, 0x0000000707800000|  0%| F|  |TAMS 0x0000000707600000| PB 0x0000000707600000| Untracked 
|  47|0x0000000707800000, 0x0000000707800000, 0x0000000707a00000|  0%| F|  |TAMS 0x0000000707800000| PB 0x0000000707800000| Untracked 
|  48|0x0000000707a00000, 0x0000000707a00000, 0x0000000707c00000|  0%| F|  |TAMS 0x0000000707a00000| PB 0x0000000707a00000| Untracked 
|  49|0x0000000707c00000, 0x0000000707c00000, 0x0000000707e00000|  0%| F|  |TAMS 0x0000000707c00000| PB 0x0000000707c00000| Untracked 
|  50|0x0000000707e00000, 0x0000000707e00000, 0x0000000708000000|  0%| F|  |TAMS 0x0000000707e00000| PB 0x0000000707e00000| Untracked 
|  51|0x0000000708000000, 0x0000000708000000, 0x0000000708200000|  0%| F|  |TAMS 0x0000000708000000| PB 0x0000000708000000| Untracked 
|  52|0x0000000708200000, 0x0000000708200000, 0x0000000708400000|  0%| F|  |TAMS 0x0000000708200000| PB 0x0000000708200000| Untracked 
|  53|0x0000000708400000, 0x0000000708400000, 0x0000000708600000|  0%| F|  |TAMS 0x0000000708400000| PB 0x0000000708400000| Untracked 
|  54|0x0000000708600000, 0x0000000708600000, 0x0000000708800000|  0%| F|  |TAMS 0x0000000708600000| PB 0x0000000708600000| Untracked 
|  55|0x0000000708800000, 0x0000000708800000, 0x0000000708a00000|  0%| F|  |TAMS 0x0000000708800000| PB 0x0000000708800000| Untracked 
|  56|0x0000000708a00000, 0x0000000708a00000, 0x0000000708c00000|  0%| F|  |TAMS 0x0000000708a00000| PB 0x0000000708a00000| Untracked 
|  57|0x0000000708c00000, 0x0000000708c00000, 0x0000000708e00000|  0%| F|  |TAMS 0x0000000708c00000| PB 0x0000000708c00000| Untracked 
|  58|0x0000000708e00000, 0x0000000708e00000, 0x0000000709000000|  0%| F|  |TAMS 0x0000000708e00000| PB 0x0000000708e00000| Untracked 
|  59|0x0000000709000000, 0x0000000709000000, 0x0000000709200000|  0%| F|  |TAMS 0x0000000709000000| PB 0x0000000709000000| Untracked 
|  60|0x0000000709200000, 0x0000000709200000, 0x0000000709400000|  0%| F|  |TAMS 0x0000000709200000| PB 0x0000000709200000| Untracked 
|  61|0x0000000709400000, 0x0000000709400000, 0x0000000709600000|  0%| F|  |TAMS 0x0000000709400000| PB 0x0000000709400000| Untracked 
|  62|0x0000000709600000, 0x0000000709600000, 0x0000000709800000|  0%| F|  |TAMS 0x0000000709600000| PB 0x0000000709600000| Untracked 
|  63|0x0000000709800000, 0x0000000709800000, 0x0000000709a00000|  0%| F|  |TAMS 0x0000000709800000| PB 0x0000000709800000| Untracked 
|  64|0x0000000709a00000, 0x0000000709a00000, 0x0000000709c00000|  0%| F|  |TAMS 0x0000000709a00000| PB 0x0000000709a00000| Untracked 
|  65|0x0000000709c00000, 0x0000000709c00000, 0x0000000709e00000|  0%| F|  |TAMS 0x0000000709c00000| PB 0x0000000709c00000| Untracked 
|  66|0x0000000709e00000, 0x0000000709e00000, 0x000000070a000000|  0%| F|  |TAMS 0x0000000709e00000| PB 0x0000000709e00000| Untracked 
|  67|0x000000070a000000, 0x000000070a000000, 0x000000070a200000|  0%| F|  |TAMS 0x000000070a000000| PB 0x000000070a000000| Untracked 
|  68|0x000000070a200000, 0x000000070a200000, 0x000000070a400000|  0%| F|  |TAMS 0x000000070a200000| PB 0x000000070a200000| Untracked 
|  69|0x000000070a400000, 0x000000070a400000, 0x000000070a600000|  0%| F|  |TAMS 0x000000070a400000| PB 0x000000070a400000| Untracked 
|  70|0x000000070a600000, 0x000000070a600000, 0x000000070a800000|  0%| F|  |TAMS 0x000000070a600000| PB 0x000000070a600000| Untracked 
|  71|0x000000070a800000, 0x000000070a800000, 0x000000070aa00000|  0%| F|  |TAMS 0x000000070a800000| PB 0x000000070a800000| Untracked 
|  72|0x000000070aa00000, 0x000000070aa00000, 0x000000070ac00000|  0%| F|  |TAMS 0x000000070aa00000| PB 0x000000070aa00000| Untracked 
|  73|0x000000070ac00000, 0x000000070ac00000, 0x000000070ae00000|  0%| F|  |TAMS 0x000000070ac00000| PB 0x000000070ac00000| Untracked 
|  74|0x000000070ae00000, 0x000000070ae00000, 0x000000070b000000|  0%| F|  |TAMS 0x000000070ae00000| PB 0x000000070ae00000| Untracked 
|  75|0x000000070b000000, 0x000000070b000000, 0x000000070b200000|  0%| F|  |TAMS 0x000000070b000000| PB 0x000000070b000000| Untracked 
|  76|0x000000070b200000, 0x000000070b200000, 0x000000070b400000|  0%| F|  |TAMS 0x000000070b200000| PB 0x000000070b200000| Untracked 
|  77|0x000000070b400000, 0x000000070b400000, 0x000000070b600000|  0%| F|  |TAMS 0x000000070b400000| PB 0x000000070b400000| Untracked 
|  78|0x000000070b600000, 0x000000070b600000, 0x000000070b800000|  0%| F|  |TAMS 0x000000070b600000| PB 0x000000070b600000| Untracked 
|  79|0x000000070b800000, 0x000000070b800000, 0x000000070ba00000|  0%| F|  |TAMS 0x000000070b800000| PB 0x000000070b800000| Untracked 
|  80|0x000000070ba00000, 0x000000070ba00000, 0x000000070bc00000|  0%| F|  |TAMS 0x000000070ba00000| PB 0x000000070ba00000| Untracked 
|  81|0x000000070bc00000, 0x000000070bc00000, 0x000000070be00000|  0%| F|  |TAMS 0x000000070bc00000| PB 0x000000070bc00000| Untracked 
|  82|0x000000070be00000, 0x000000070be00000, 0x000000070c000000|  0%| F|  |TAMS 0x000000070be00000| PB 0x000000070be00000| Untracked 
|  83|0x000000070c000000, 0x000000070c000000, 0x000000070c200000|  0%| F|  |TAMS 0x000000070c000000| PB 0x000000070c000000| Untracked 
|  84|0x000000070c200000, 0x000000070c200000, 0x000000070c400000|  0%| F|  |TAMS 0x000000070c200000| PB 0x000000070c200000| Untracked 
|  85|0x000000070c400000, 0x000000070c400000, 0x000000070c600000|  0%| F|  |TAMS 0x000000070c400000| PB 0x000000070c400000| Untracked 
|  86|0x000000070c600000, 0x000000070c600000, 0x000000070c800000|  0%| F|  |TAMS 0x000000070c600000| PB 0x000000070c600000| Untracked 
|  87|0x000000070c800000, 0x000000070c800000, 0x000000070ca00000|  0%| F|  |TAMS 0x000000070c800000| PB 0x000000070c800000| Untracked 
|  88|0x000000070ca00000, 0x000000070ca00000, 0x000000070cc00000|  0%| F|  |TAMS 0x000000070ca00000| PB 0x000000070ca00000| Untracked 
|  89|0x000000070cc00000, 0x000000070cc00000, 0x000000070ce00000|  0%| F|  |TAMS 0x000000070cc00000| PB 0x000000070cc00000| Untracked 
|  90|0x000000070ce00000, 0x000000070ce00000, 0x000000070d000000|  0%| F|  |TAMS 0x000000070ce00000| PB 0x000000070ce00000| Untracked 
|  91|0x000000070d000000, 0x000000070d000000, 0x000000070d200000|  0%| F|  |TAMS 0x000000070d000000| PB 0x000000070d000000| Untracked 
|  92|0x000000070d200000, 0x000000070d200000, 0x000000070d400000|  0%| F|  |TAMS 0x000000070d200000| PB 0x000000070d200000| Untracked 
|  93|0x000000070d400000, 0x000000070d400000, 0x000000070d600000|  0%| F|  |TAMS 0x000000070d400000| PB 0x000000070d400000| Untracked 
|  94|0x000000070d600000, 0x000000070d600000, 0x000000070d800000|  0%| F|  |TAMS 0x000000070d600000| PB 0x000000070d600000| Untracked 
|  95|0x000000070d800000, 0x000000070d800000, 0x000000070da00000|  0%| F|  |TAMS 0x000000070d800000| PB 0x000000070d800000| Untracked 
|  96|0x000000070da00000, 0x000000070da00000, 0x000000070dc00000|  0%| F|  |TAMS 0x000000070da00000| PB 0x000000070da00000| Untracked 
|  97|0x000000070dc00000, 0x000000070dc00000, 0x000000070de00000|  0%| F|  |TAMS 0x000000070dc00000| PB 0x000000070dc00000| Untracked 
|  98|0x000000070de00000, 0x000000070de00000, 0x000000070e000000|  0%| F|  |TAMS 0x000000070de00000| PB 0x000000070de00000| Untracked 
|  99|0x000000070e000000, 0x000000070e000000, 0x000000070e200000|  0%| F|  |TAMS 0x000000070e000000| PB 0x000000070e000000| Untracked 
| 100|0x000000070e200000, 0x000000070e200000, 0x000000070e400000|  0%| F|  |TAMS 0x000000070e200000| PB 0x000000070e200000| Untracked 
| 101|0x000000070e400000, 0x000000070e400000, 0x000000070e600000|  0%| F|  |TAMS 0x000000070e400000| PB 0x000000070e400000| Untracked 
| 102|0x000000070e600000, 0x000000070e600000, 0x000000070e800000|  0%| F|  |TAMS 0x000000070e600000| PB 0x000000070e600000| Untracked 
| 103|0x000000070e800000, 0x000000070e800000, 0x000000070ea00000|  0%| F|  |TAMS 0x000000070e800000| PB 0x000000070e800000| Untracked 
| 104|0x000000070ea00000, 0x000000070ea00000, 0x000000070ec00000|  0%| F|  |TAMS 0x000000070ea00000| PB 0x000000070ea00000| Untracked 
| 105|0x000000070ec00000, 0x000000070ec00000, 0x000000070ee00000|  0%| F|  |TAMS 0x000000070ec00000| PB 0x000000070ec00000| Untracked 
| 106|0x000000070ee00000, 0x000000070ee00000, 0x000000070f000000|  0%| F|  |TAMS 0x000000070ee00000| PB 0x000000070ee00000| Untracked 
| 107|0x000000070f000000, 0x000000070f000000, 0x000000070f200000|  0%| F|  |TAMS 0x000000070f000000| PB 0x000000070f000000| Untracked 
| 108|0x000000070f200000, 0x000000070f200000, 0x000000070f400000|  0%| F|  |TAMS 0x000000070f200000| PB 0x000000070f200000| Untracked 
| 109|0x000000070f400000, 0x000000070f400000, 0x000000070f600000|  0%| F|  |TAMS 0x000000070f400000| PB 0x000000070f400000| Untracked 
| 110|0x000000070f600000, 0x000000070f600000, 0x000000070f800000|  0%| F|  |TAMS 0x000000070f600000| PB 0x000000070f600000| Untracked 
| 111|0x000000070f800000, 0x000000070f800000, 0x000000070fa00000|  0%| F|  |TAMS 0x000000070f800000| PB 0x000000070f800000| Untracked 
| 112|0x000000070fa00000, 0x000000070fa00000, 0x000000070fc00000|  0%| F|  |TAMS 0x000000070fa00000| PB 0x000000070fa00000| Untracked 
| 113|0x000000070fc00000, 0x000000070fc00000, 0x000000070fe00000|  0%| F|  |TAMS 0x000000070fc00000| PB 0x000000070fc00000| Untracked 
| 114|0x000000070fe00000, 0x000000070fe00000, 0x0000000710000000|  0%| F|  |TAMS 0x000000070fe00000| PB 0x000000070fe00000| Untracked 
| 115|0x0000000710000000, 0x0000000710000000, 0x0000000710200000|  0%| F|  |TAMS 0x0000000710000000| PB 0x0000000710000000| Untracked 
| 116|0x0000000710200000, 0x0000000710200000, 0x0000000710400000|  0%| F|  |TAMS 0x0000000710200000| PB 0x0000000710200000| Untracked 
| 117|0x0000000710400000, 0x0000000710400000, 0x0000000710600000|  0%| F|  |TAMS 0x0000000710400000| PB 0x0000000710400000| Untracked 
| 118|0x0000000710600000, 0x0000000710600000, 0x0000000710800000|  0%| F|  |TAMS 0x0000000710600000| PB 0x0000000710600000| Untracked 
| 119|0x0000000710800000, 0x0000000710800000, 0x0000000710a00000|  0%| F|  |TAMS 0x0000000710800000| PB 0x0000000710800000| Untracked 
| 120|0x0000000710a00000, 0x0000000710a00000, 0x0000000710c00000|  0%| F|  |TAMS 0x0000000710a00000| PB 0x0000000710a00000| Untracked 
| 121|0x0000000710c00000, 0x0000000710c00000, 0x0000000710e00000|  0%| F|  |TAMS 0x0000000710c00000| PB 0x0000000710c00000| Untracked 
| 122|0x0000000710e00000, 0x0000000710e00000, 0x0000000711000000|  0%| F|  |TAMS 0x0000000710e00000| PB 0x0000000710e00000| Untracked 
| 123|0x0000000711000000, 0x0000000711000000, 0x0000000711200000|  0%| F|  |TAMS 0x0000000711000000| PB 0x0000000711000000| Untracked 
| 124|0x0000000711200000, 0x0000000711200000, 0x0000000711400000|  0%| F|  |TAMS 0x0000000711200000| PB 0x0000000711200000| Untracked 
| 125|0x0000000711400000, 0x0000000711400000, 0x0000000711600000|  0%| F|  |TAMS 0x0000000711400000| PB 0x0000000711400000| Untracked 
| 126|0x0000000711600000, 0x00000007116e1558, 0x0000000711800000| 44%| E|  |TAMS 0x0000000711600000| PB 0x0000000711600000| Complete 
| 127|0x0000000711800000, 0x0000000711a00000, 0x0000000711a00000|100%| E|CS|TAMS 0x0000000711800000| PB 0x0000000711800000| Complete 

Card table byte_map: [0x000002682efe0000,0x000002682f7e0000] _byte_map_base: 0x000002682b7d3000

Marking Bits: (CMBitMap*) 0x000002681c197b60
 Bits: [0x000002682f7e0000, 0x0000026833778000)

Polling page: 0x000002681a000000

Metaspace:

Usage:
  Non-class:      5.04 MB used.
      Class:    500.30 KB used.
       Both:      5.53 MB used.

Virtual space:
  Non-class space:       64.00 MB reserved,       5.12 MB (  8%) committed,  1 nodes.
      Class space:        1.00 GB reserved,     512.00 KB ( <1%) committed,  1 nodes.
             Both:        1.06 GB reserved,       5.62 MB ( <1%) committed. 

Chunk freelists:
   Non-Class:  10.48 MB
       Class:  15.50 MB
        Both:  25.99 MB

MaxMetaspaceSize: unlimited
CompressedClassSpaceSize: 1.00 GB
Initial GC threshold: 21.00 MB
Current GC threshold: 21.00 MB
CDS: off
 - commit_granule_bytes: 65536.
 - commit_granule_words: 8192.
 - virtual_space_node_default_size: 8388608.
 - enlarge_chunks_in_place: 1.
 - use_allocation_guard: 0.


Internal statistics:

num_allocs_failed_limit: 0.
num_arena_births: 4.
num_arena_deaths: 0.
num_vsnodes_births: 2.
num_vsnodes_deaths: 0.
num_space_committed: 90.
num_space_uncommitted: 0.
num_chunks_returned_to_freelist: 0.
num_chunks_taken_from_freelist: 14.
num_chunk_merges: 0.
num_chunk_splits: 5.
num_chunks_enlarged: 2.
num_inconsistent_stats: 0.

CodeHeap 'non-profiled nmethods': size=120000Kb used=18Kb max_used=18Kb free=119982Kb
 bounds [0x0000026826d60000, 0x0000026826fd0000, 0x000002682e290000]
CodeHeap 'profiled nmethods': size=120000Kb used=132Kb max_used=132Kb free=119867Kb
 bounds [0x000002681f290000, 0x000002681f500000, 0x00000268267c0000]
CodeHeap 'non-nmethods': size=5760Kb used=1231Kb max_used=1231Kb free=4528Kb
 bounds [0x00000268267c0000, 0x0000026826a30000, 0x0000026826d60000]
 total_blobs=469 nmethods=95 adapters=279
 compilation: enabled
              stopped_count=0, restarted_count=0
 full_count=0

Compilation events (20 events):
Event: 0.234 Thread 0x00000268365f72d0   86       3       java.lang.CharacterData::of (136 bytes)
Event: 0.234 Thread 0x00000268365f72d0 nmethod 86 0x000002681f2ad090 code [0x000002681f2ad2e0, 0x000002681f2adc20]
Event: 0.234 Thread 0x00000268365f72d0   89       3       java.lang.CharacterDataLatin1::toUpperCase (67 bytes)
Event: 0.234 Thread 0x00000268365f72d0 nmethod 89 0x000002681f2ade90 code [0x000002681f2ae060, 0x000002681f2ae388]
Event: 0.234 Thread 0x00000268365f72d0   87       3       java.lang.Character::toUpperCase (6 bytes)
Event: 0.234 Thread 0x00000268365f72d0 nmethod 87 0x000002681f2ae410 code [0x000002681f2ae5e0, 0x000002681f2ae838]
Event: 0.234 Thread 0x00000268365f72d0   88       3       java.lang.Character::toUpperCase (9 bytes)
Event: 0.234 Thread 0x00000268365f72d0 nmethod 88 0x000002681f2ae910 code [0x000002681f2aeac0, 0x000002681f2aecb8]
Event: 0.234 Thread 0x00000268365f72d0   90       3       java.util.TreeMap::parentOf (13 bytes)
Event: 0.234 Thread 0x00000268365f72d0 nmethod 90 0x000002681f2aed90 code [0x000002681f2aef40, 0x000002681f2af0b0]
Event: 0.234 Thread 0x00000268365f72d0   91       1       java.util.HashMap$Node::getKey (5 bytes)
Event: 0.235 Thread 0x00000268365f72d0 nmethod 91 0x0000026826d64210 code [0x0000026826d643a0, 0x0000026826d64470]
Event: 0.235 Thread 0x00000268365f72d0   92       1       java.util.HashMap$Node::getValue (5 bytes)
Event: 0.235 Thread 0x00000268365f72d0 nmethod 92 0x0000026826d64510 code [0x0000026826d646a0, 0x0000026826d64770]
Event: 0.235 Thread 0x00000268365f72d0   93       3       java.util.zip.ZipUtils::SH (21 bytes)
Event: 0.235 Thread 0x00000268365f72d0 nmethod 93 0x000002681f2af190 code [0x000002681f2af340, 0x000002681f2af488]
Event: 0.243 Thread 0x00000268365f72d0   94       3       java.lang.CharacterDataLatin1::toLowerCase (44 bytes)
Event: 0.243 Thread 0x00000268365f72d0 nmethod 94 0x000002681f2af590 code [0x000002681f2af740, 0x000002681f2af9a8]
Event: 0.243 Thread 0x00000268365f72d0   95       3       java.util.HashMap::putVal (300 bytes)
Event: 0.244 Thread 0x00000268365f72d0 nmethod 95 0x000002681f2afa10 code [0x000002681f2afcc0, 0x000002681f2b0e70]

GC Heap History (0 events):
No events

Dll operation events (2 events):
Event: 0.016 Loaded shared library C:\Program Files\Android\Android Studio\jbr\bin\java.dll
Event: 0.032 Loaded shared library C:\Program Files\Android\Android Studio\jbr\bin\zip.dll

Deoptimization events (0 events):
No events

Classes loaded (20 events):
Event: 0.246 Loading class jdk/internal/math/FloatingDecimal$ASCIIToBinaryBuffer done
Event: 0.246 Loading class java/util/LinkedHashSet
Event: 0.246 Loading class java/util/SequencedSet
Event: 0.246 Loading class java/util/SequencedSet done
Event: 0.246 Loading class java/util/LinkedHashSet done
Event: 0.246 Loading class java/util/LinkedHashMap
Event: 0.247 Loading class java/util/LinkedHashMap done
Event: 0.247 Loading class sun/security/jca/ProviderList$2
Event: 0.247 Loading class sun/security/jca/ProviderList$2 done
Event: 0.247 Loading class java/security/Security
Event: 0.248 Loading class java/security/Security done
Event: 0.248 Loading class java/lang/invoke/LambdaMetafactory
Event: 0.248 Loading class java/lang/invoke/LambdaMetafactory done
Event: 0.248 Loading class java/lang/invoke/LambdaForm$NamedFunction
Event: 0.248 Loading class java/lang/invoke/LambdaForm$NamedFunction done
Event: 0.248 Loading class java/lang/invoke/DirectMethodHandle$Holder
Event: 0.249 Loading class java/lang/invoke/DirectMethodHandle$Holder done
Event: 0.249 Loading class sun/invoke/util/ValueConversions
Event: 0.250 Loading class sun/invoke/util/ValueConversions done
Event: 0.250 Loading class java/lang/invoke/MethodHandleImpl

Classes unloaded (0 events):
No events

Classes redefined (0 events):
No events

Internal exceptions (0 events):
No events

ZGC Phase Switch (0 events):
No events

VM Operations (4 events):
Event: 0.230 Executing VM operation: HandshakeAllThreads (Deoptimize)
Event: 0.230 Executing VM operation: HandshakeAllThreads (Deoptimize) done
Event: 0.247 Executing VM operation: HandshakeAllThreads (Deoptimize)
Event: 0.247 Executing VM operation: HandshakeAllThreads (Deoptimize) done

Memory protections (0 events):
No events

Nmethod flushes (0 events):
No events

Events (14 events):
Event: 0.028 Thread 0x0000026819dc15f0 Thread added: 0x0000026819dc15f0
Event: 0.129 Thread 0x0000026819dc15f0 Thread added: 0x000002683659e7c0
Event: 0.129 Thread 0x0000026819dc15f0 Thread added: 0x000002683659f020
Event: 0.131 Thread 0x0000026819dc15f0 Thread added: 0x00000268365d73b0
Event: 0.131 Thread 0x0000026819dc15f0 Thread added: 0x00000268365e0b30
Event: 0.131 Thread 0x0000026819dc15f0 Thread added: 0x00000268365e1190
Event: 0.131 Thread 0x0000026819dc15f0 Thread added: 0x00000268365e5800
Event: 0.131 Thread 0x0000026819dc15f0 Thread added: 0x00000268365f4c20
Event: 0.131 Thread 0x0000026819dc15f0 Thread added: 0x00000268365f72d0
Event: 0.181 Thread 0x0000026819dc15f0 Thread added: 0x00000268363af490
Event: 0.190 Thread 0x0000026819dc15f0 Thread added: 0x00000268363afaf0
Event: 0.201 Loaded shared library C:\Program Files\Android\Android Studio\jbr\bin\net.dll
Event: 0.205 Loaded shared library C:\Program Files\Android\Android Studio\jbr\bin\nio.dll
Event: 0.220 Loaded shared library C:\Program Files\Android\Android Studio\jbr\bin\zip.dll


Dynamic libraries:
0x00007ff639a80000 - 0x00007ff639a8a000 	C:\Program Files\Android\Android Studio\jbr\bin\java.exe
0x00007fff0dc10000 - 0x00007fff0de08000 	C:\Windows\SYSTEM32\ntdll.dll
0x00007fff0ca20000 - 0x00007fff0cae2000 	C:\Windows\System32\KERNEL32.DLL
0x00007fff0b2a0000 - 0x00007fff0b596000 	C:\Windows\System32\KERNELBASE.dll
0x00007fff0b6f0000 - 0x00007fff0b7f0000 	C:\Windows\System32\ucrtbase.dll
0x00007ffefa460000 - 0x00007ffefa47b000 	C:\Program Files\Android\Android Studio\jbr\bin\VCRUNTIME140.dll
0x00007fff07870000 - 0x00007fff07888000 	C:\Program Files\Android\Android Studio\jbr\bin\jli.dll
0x00007fff0cca0000 - 0x00007fff0ce3d000 	C:\Windows\System32\USER32.dll
0x00007fff0bb80000 - 0x00007fff0bba2000 	C:\Windows\System32\win32u.dll
0x00007ffef77e0000 - 0x00007ffef7a7a000 	C:\Windows\WinSxS\amd64_microsoft.windows.common-controls_6595b64144ccf1df_6.0.19041.4355_none_60b8b9eb71f62e16\COMCTL32.dll
0x00007fff0d720000 - 0x00007fff0d74b000 	C:\Windows\System32\GDI32.dll
0x00007fff0d290000 - 0x00007fff0d32e000 	C:\Windows\System32\msvcrt.dll
0x00007fff0b5a0000 - 0x00007fff0b6ba000 	C:\Windows\System32\gdi32full.dll
0x00007fff0bae0000 - 0x00007fff0bb7d000 	C:\Windows\System32\msvcp_win.dll
0x00007fff0bc30000 - 0x00007fff0bc5f000 	C:\Windows\System32\IMM32.DLL
0x00007fff041d0000 - 0x00007fff041dc000 	C:\Program Files\Android\Android Studio\jbr\bin\vcruntime140_1.dll
0x00007fff04250000 - 0x00007fff042dd000 	C:\Program Files\Android\Android Studio\jbr\bin\msvcp140.dll
0x00007ffea5810000 - 0x00007ffea649b000 	C:\Program Files\Android\Android Studio\jbr\bin\server\jvm.dll
0x00007fff0c3d0000 - 0x00007fff0c47f000 	C:\Windows\System32\ADVAPI32.dll
0x00007fff0cb10000 - 0x00007fff0cbaf000 	C:\Windows\System32\sechost.dll
0x00007fff0c6f0000 - 0x00007fff0c813000 	C:\Windows\System32\RPCRT4.dll
0x00007fff0b6c0000 - 0x00007fff0b6e7000 	C:\Windows\System32\bcrypt.dll
0x00007fff0cf50000 - 0x00007fff0cfbb000 	C:\Windows\System32\WS2_32.dll
0x00007fff0a7e0000 - 0x00007fff0a82b000 	C:\Windows\SYSTEM32\POWRPROF.dll
0x00007ffefe6a0000 - 0x00007ffefe6c7000 	C:\Windows\SYSTEM32\WINMM.dll
0x00007fff03140000 - 0x00007fff0314a000 	C:\Windows\SYSTEM32\VERSION.dll
0x00007fff0a6a0000 - 0x00007fff0a6b2000 	C:\Windows\SYSTEM32\UMPDC.dll
0x00007fff09140000 - 0x00007fff09152000 	C:\Windows\SYSTEM32\kernel.appcore.dll
0x00007fff04090000 - 0x00007fff0409a000 	C:\Program Files\Android\Android Studio\jbr\bin\jimage.dll
0x00007fff047c0000 - 0x00007fff049a4000 	C:\Windows\SYSTEM32\DBGHELP.DLL
0x00007ffef69c0000 - 0x00007ffef69f4000 	C:\Windows\SYSTEM32\dbgcore.DLL
0x00007fff0ba50000 - 0x00007fff0bad2000 	C:\Windows\System32\bcryptPrimitives.dll
0x00007ffef7b50000 - 0x00007ffef7b70000 	C:\Program Files\Android\Android Studio\jbr\bin\java.dll
0x00007ffef2c50000 - 0x00007ffef2c68000 	C:\Program Files\Android\Android Studio\jbr\bin\zip.dll
0x00007fff0bc60000 - 0x00007fff0c3cf000 	C:\Windows\System32\SHELL32.dll
0x00007fff09340000 - 0x00007fff09ae3000 	C:\Windows\SYSTEM32\windows.storage.dll
0x00007fff0d330000 - 0x00007fff0d685000 	C:\Windows\System32\combase.dll
0x00007fff0acd0000 - 0x00007fff0acfb000 	C:\Windows\SYSTEM32\Wldp.dll
0x00007fff0d080000 - 0x00007fff0d14d000 	C:\Windows\System32\OLEAUT32.dll
0x00007fff0c640000 - 0x00007fff0c6ed000 	C:\Windows\System32\SHCORE.dll
0x00007fff0cfc0000 - 0x00007fff0d015000 	C:\Windows\System32\shlwapi.dll
0x00007fff0b1d0000 - 0x00007fff0b1f5000 	C:\Windows\SYSTEM32\profapi.dll
0x00007ffef9100000 - 0x00007ffef9110000 	C:\Program Files\Android\Android Studio\jbr\bin\net.dll
0x00007fff03be0000 - 0x00007fff03cea000 	C:\Windows\SYSTEM32\WINHTTP.dll
0x00007fff0aa30000 - 0x00007fff0aa9c000 	C:\Windows\system32\mswsock.dll
0x00007ffeee240000 - 0x00007ffeee256000 	C:\Program Files\Android\Android Studio\jbr\bin\nio.dll

dbghelp: loaded successfully - version: 4.0.5 - missing functions: none
symbol engine: initialized successfully - sym options: 0x614 - pdb path: .;C:\Program Files\Android\Android Studio\jbr\bin;C:\Windows\SYSTEM32;C:\Windows\WinSxS\amd64_microsoft.windows.common-controls_6595b64144ccf1df_6.0.19041.4355_none_60b8b9eb71f62e16;C:\Program Files\Android\Android Studio\jbr\bin\server

VM Arguments:
java_command: git4idea.http.GitAskPassApp Username for 'https://github.com': 
java_class_path (initial): C:/Program Files/Android/Android Studio/plugins/vcs-git/lib/git4idea-rt.jar;C:/Program Files/Android/Android Studio/lib/externalProcess-rt.jar
Launcher Type: SUN_STANDARD

[Global flags]
     intx CICompilerCount                          = 4                                         {product} {ergonomic}
     uint ConcGCThreads                            = 3                                         {product} {ergonomic}
     uint G1ConcRefinementThreads                  = 10                                        {product} {ergonomic}
   size_t G1HeapRegionSize                         = 2097152                                   {product} {ergonomic}
    uintx GCDrainStackTargetSize                   = 64                                        {product} {ergonomic}
   size_t InitialHeapSize                          = 268435456                                 {product} {ergonomic}
   size_t MarkStackSize                            = 4194304                                   {product} {ergonomic}
   size_t MaxHeapSize                              = 4267704320                                {product} {ergonomic}
   size_t MaxNewSize                               = 2560622592                                {product} {ergonomic}
   size_t MinHeapDeltaBytes                        = 2097152                                   {product} {ergonomic}
   size_t MinHeapSize                              = 8388608                                   {product} {ergonomic}
    uintx NonNMethodCodeHeapSize                   = 5839372                                {pd product} {ergonomic}
    uintx NonProfiledCodeHeapSize                  = 122909434                              {pd product} {ergonomic}
     bool PerfDisableSharedMem                     = true                                      {product} {ergonomic}
    uintx ProfiledCodeHeapSize                     = 122909434                              {pd product} {ergonomic}
    uintx ReservedCodeCacheSize                    = 251658240                              {pd product} {ergonomic}
     bool SegmentedCodeCache                       = true                                      {product} {ergonomic}
   size_t SoftMaxHeapSize                          = 4267704320                             {manageable} {ergonomic}
     bool UseCompressedOops                        = true                           {product lp64_product} {ergonomic}
     bool UseG1GC                                  = true                                      {product} {ergonomic}
     bool UseLargePagesIndividualAllocation        = false                                  {pd product} {ergonomic}

Logging:
Log output configuration:
 #0: stdout all=warning uptime,level,tags foldmultilines=false
 #1: stderr all=off uptime,level,tags foldmultilines=false

Environment Variables:
PATH=C:\Program Files\Git\mingw64\libexec\git-core;C:\Program Files\Git\mingw64\libexec\git-core;C:\Program Files\Git\mingw64\bin;C:\Program Files\Git\usr\bin;C:\Users\Neil\bin;C:\Program Files (x86)\Microsoft\Edge\Application;C:\Windows\system32;C:\Windows;C:\Windows\System32\Wbem;C:\Windows\System32\WindowsPowerShell\v1.0;C:\Windows\System32\OpenSSH;C:\Users\Neil\AppData\Local\Microsoft\WindowsApps
USERNAME=Neil
DISPLAY=:0.0
LC_ALL=en_US.UTF-8
TERM=xterm-256color
TMPDIR=C:\Users\Neil\AppData\Local\Temp
OS=Windows_NT
PROCESSOR_IDENTIFIER=AMD64 Family 23 Model 8 Stepping 2, AuthenticAMD
TMP=C:\Users\Neil\AppData\Local\Temp
TEMP=C:\Users\Neil\AppData\Local\Temp




Periodic native trim disabled

JNI global refs:
JNI global refs: 8, weak refs: 0

JNI global refs memory usage: 835, weak refs: 201

Process memory usage:
Resident Set Size: 33464K (0% of 16663916K total physical memory with 1358880K free physical memory)

OOME stack traces (most recent first):
Classloader memory used:
Loader bootstrap                                                                       : 5646K
Loader jdk.internal.loader.ClassLoaders$AppClassLoader                                 : 16400B

---------------  S Y S T E M  ---------------

OS:
 Windows 10 , 64 bit Build 19041 (10.0.19041.5678)
OS uptime: 3 days 0:36 hours

CPU: total 12 (initial active 12) (12 cores per cpu, 2 threads per core) family 23 model 8 stepping 2 microcode 0x0, cx8, cmov, fxsr, ht, mmx, 3dnowpref, sse, sse2, sse3, ssse3, sse4a, sse4.1, sse4.2, popcnt, lzcnt, tsc, tscinvbit, avx, avx2, aes, clmul, bmi1, bmi2, adx, sha, fma, vzeroupper, clflush, clflushopt, rdtscp, f16c
Processor Information for the first 12 processors :
  Max Mhz: 3400, Current Mhz: 3400, Mhz Limit: 3400

Memory: 4k page, system-wide physical 16273M (1327M free)
TotalPageFile size 31456M (AvailPageFile size 1M)
current process WorkingSet (physical memory assigned to process): 32M, peak: 32M
current process commit charge ("private bytes"): 337M, peak: 338M

vm_info: OpenJDK 64-Bit Server VM (21.0.6+-13355223-b631.42) for windows-amd64 JRE (21.0.6+-13355223-b631.42), built on 2025-04-14T18:21:23Z by "builder" with MS VC++ 16.10 / 16.11 (VS2019)

END.
